Thu Apr  7 15:39:19 UTC 2022: 
 hashmap.c | 16 +++++++++++++++-
 1 file changed, 15 insertions(+), 1 deletion(-)
In file included from test.c:4:0:
hashmap.c: In function ‘insertMap’:
hashmap.c:43:13: error: expected ‘=’, ‘,’, ‘;’, ‘asm’ or ‘__attribute__’ before ‘*’ token
   long index* = hash(key, map->capacity);
             ^
hashmap.c:43:15: error: expected expression before ‘=’ token
   long index* = hash(key, map->capacity);
               ^
hashmap.c:44:22: error: array subscript is not an integer
   while (map->buckets[index] != NULL && map->buckets[index]->key != NULL)
                      ^
hashmap.c:44:53: error: array subscript is not an integer
   while (map->buckets[index] != NULL && map->buckets[index]->key != NULL)
                                                     ^
hashmap.c:46:30: error: array subscript is not an integer
     if (is_equal(map->buckets[index]->key,key) == 1 ) return;
                              ^
hashmap.c:47:25: error: invalid operands to binary % (have ‘char * (*)(const char *, int)’ and ‘long int’)
     index = (index + 1) % map->capacity;
             ~~~~~~~~~~~ ^ ~~~~~~~~~~~~~
hashmap.c:49:19: error: array subscript is not an integer
   if (map->buckets[index] != NULL)
                   ^
hashmap.c:51:17: error: array subscript is not an integer
     map->buckets[index]->key = key;
                 ^
hashmap.c:52:17: error: array subscript is not an integer
     map->buckets[index]->value = value;
                 ^
hashmap.c:55:17: error: array subscript is not an integer
     map->buckets[index] = createPair(key,value);
                 ^
hashmap.c:57:34: error: expected expression before ‘)’ token
   if ((double) map->size/(double)) map->capacity > 0.75) enlarge(map);
                                  ^
hashmap.c:57:39: error: statement with no effect [-Werror=unused-value]
   if ((double) map->size/(double)) map->capacity > 0.75) enlarge(map);
                                    ~~~^~~~~~~~~~
hashmap.c:57:3: error: this ‘if’ clause does not guard... [-Werror=misleading-indentation]
   if ((double) map->size/(double)) map->capacity > 0.75) enlarge(map);
   ^~
hashmap.c:57:56: note: ...this statement, but the latter is misleadingly indented as if it were guarded by the ‘if’
   if ((double) map->size/(double)) map->capacity > 0.75) enlarge(map);
                                                        ^
hashmap.c:57:56: error: expected statement before ‘)’ token
cc1: all warnings being treated as errors
Compilation failed
519deb2
Thu Apr  7 15:40:25 UTC 2022: 
 hashmap.c | 2 +-
 1 file changed, 1 insertion(+), 1 deletion(-)
In file included from test.c:4:0:
hashmap.c: In function ‘insertMap’:
hashmap.c:57:34: error: expected expression before ‘)’ token
   if ((double) map->size/(double)) map->capacity > 0.75) enlarge(map);
                                  ^
hashmap.c:57:39: error: statement with no effect [-Werror=unused-value]
   if ((double) map->size/(double)) map->capacity > 0.75) enlarge(map);
                                    ~~~^~~~~~~~~~
hashmap.c:57:3: error: this ‘if’ clause does not guard... [-Werror=misleading-indentation]
   if ((double) map->size/(double)) map->capacity > 0.75) enlarge(map);
   ^~
hashmap.c:57:56: note: ...this statement, but the latter is misleadingly indented as if it were guarded by the ‘if’
   if ((double) map->size/(double)) map->capacity > 0.75) enlarge(map);
                                                        ^
hashmap.c:57:56: error: expected statement before ‘)’ token
cc1: all warnings being treated as errors
Compilation failed
5f99c04
Thu Apr  7 15:40:48 UTC 2022: 
 hashmap.c | 2 +-
 1 file changed, 1 insertion(+), 1 deletion(-)
 tests:  4|5
total_score: 20/70
e08a3c5
Thu Apr  7 15:54:36 UTC 2022: 
 hashmap.c | 6 +++++-
 1 file changed, 5 insertions(+), 1 deletion(-)
In file included from test.c:4:0:
hashmap.c: In function ‘createMap’:
hashmap.c:69:5: error: unknown type name ‘hashmap’; did you mean ‘HashMap’?
     hashmap index2;
     ^~~~~~~
     HashMap
hashmap.c:70:11: error: invalid type argument of ‘->’ (have ‘int’)
     index2->buckets =NULL;
           ^~
hashmap.c:71:11: error: invalid type argument of ‘->’ (have ‘int’)
     index2->capacity = NULL;
           ^~
hashmap.c:72:11: error: invalid type argument of ‘->’ (have ‘int’)
     index2->size = NULL;
           ^~
hashmap.c:73:11: error: invalid type argument of ‘->’ (have ‘int’)
     index2->current = -1;
           ^~
Compilation failed
80525aa
Thu Apr  7 15:55:40 UTC 2022: 
 hashmap.c | 6 +++---
 1 file changed, 3 insertions(+), 3 deletions(-)
In file included from test.c:4:0:
hashmap.c: In function ‘createMap’:
hashmap.c:69:5: error: unknown type name ‘hashmap’; did you mean ‘HashMap’?
     hashmap index2;
     ^~~~~~~
     HashMap
hashmap.c:70:11: error: invalid type argument of ‘->’ (have ‘int’)
     index2->buckets =NULL;
           ^~
hashmap.c:71:11: error: request for member ‘capacity’ in something not a structure or union
     index2.capacity = NULL;
           ^
hashmap.c:72:11: error: request for member ‘size’ in something not a structure or union
     index2.size = NULL;
           ^
hashmap.c:73:11: error: request for member ‘current’ in something not a structure or union
     index2.current = -1;
           ^
Compilation failed
3d5322d
Thu Apr  7 15:56:10 UTC 2022: 
 hashmap.c | 2 +-
 1 file changed, 1 insertion(+), 1 deletion(-)
In file included from test.c:4:0:
hashmap.c: In function ‘createMap’:
hashmap.c:70:11: error: invalid type argument of ‘->’ (have ‘HashMap {aka struct HashMap}’)
     index2->buckets =NULL;
           ^~
hashmap.c:71:21: error: assignment makes integer from pointer without a cast [-Werror=int-conversion]
     index2.capacity = NULL;
                     ^
hashmap.c:72:17: error: assignment makes integer from pointer without a cast [-Werror=int-conversion]
     index2.size = NULL;
                 ^
cc1: all warnings being treated as errors
Compilation failed
6cfb44d
Thu Apr  7 15:57:02 UTC 2022: 
 hashmap.c | 4 ++--
 1 file changed, 2 insertions(+), 2 deletions(-)
In file included from test.c:4:0:
hashmap.c: In function ‘createMap’:
hashmap.c:70:11: error: invalid type argument of ‘->’ (have ‘HashMap {aka struct HashMap}’)
     index2->buckets =NULL;
           ^~
Compilation failed
f67bf2a
Thu Apr  7 15:57:44 UTC 2022: 
 hashmap.c | 4 ++--
 1 file changed, 2 insertions(+), 2 deletions(-)
In file included from test.c:4:0:
hashmap.c: In function ‘createMap’:
hashmap.c:74:12: error: incompatible types when returning type ‘HashMap {aka struct HashMap}’ but ‘HashMap * {aka struct HashMap *}’ was expected
     return index2;
            ^~~~~~
hashmap.c:75:1: error: control reaches end of non-void function [-Werror=return-type]
 }
 ^
cc1: all warnings being treated as errors
Compilation failed
34cc36d
Thu Apr  7 15:59:31 UTC 2022: 
 hashmap.c | 2 +-
 1 file changed, 1 insertion(+), 1 deletion(-)
In file included from test.c:4:0:
hashmap.c: In function ‘createMap’:
hashmap.c:69:22: error: too few arguments to function ‘createPair’
     HashMap index2 = createPair();
                      ^~~~~~~~~~
hashmap.c:19:8: note: declared here
 Pair * createPair( char * key,  void * value) {
        ^~~~~~~~~~
hashmap.c:76:12: error: incompatible types when returning type ‘HashMap {aka struct HashMap}’ but ‘HashMap * {aka struct HashMap *}’ was expected
     return index2;
            ^~~~~~
hashmap.c:77:1: error: control reaches end of non-void function [-Werror=return-type]
 }
 ^
cc1: all warnings being treated as errors
Compilation failed
4cf73c9
Thu Apr  7 16:08:47 UTC 2022: 
 hashmap.c | 4 ++--
 1 file changed, 2 insertions(+), 2 deletions(-)
In file included from test.c:4:0:
hashmap.c: In function ‘createMap’:
hashmap.c:69:47: error: ‘HasMap’ undeclared (first use in this function); did you mean ‘HashMap’?
     HashMap index2 = (HashMap *)malloc(sizeof(HasMap)) ;
                                               ^~~~~~
                                               HashMap
hashmap.c:69:47: note: each undeclared identifier is reported only once for each function it appears in
hashmap.c:70:20: error: assignment from incompatible pointer type [-Werror=incompatible-pointer-types]
     index2.buckets = (Pair *)malloc(sizeof(Pair)) ;
                    ^
hashmap.c:75:12: error: incompatible types when returning type ‘HashMap {aka struct HashMap}’ but ‘HashMap * {aka struct HashMap *}’ was expected
     return index2;
            ^~~~~~
hashmap.c:76:1: error: control reaches end of non-void function [-Werror=return-type]
 }
 ^
cc1: all warnings being treated as errors
Compilation failed
4cf73c9
Thu Apr  7 16:09:04 UTC 2022: 
 hashmap.c | 2 +-
 1 file changed, 1 insertion(+), 1 deletion(-)
In file included from test.c:4:0:
hashmap.c: In function ‘createMap’:
hashmap.c:69:22: error: invalid initializer
     HashMap index2 = (HashMap *)malloc(sizeof(HashMap)) ;
                      ^
hashmap.c:70:20: error: assignment from incompatible pointer type [-Werror=incompatible-pointer-types]
     index2.buckets = (Pair *)malloc(sizeof(Pair)) ;
                    ^
hashmap.c:75:12: error: incompatible types when returning type ‘HashMap {aka struct HashMap}’ but ‘HashMap * {aka struct HashMap *}’ was expected
     return index2;
            ^~~~~~
hashmap.c:76:1: error: control reaches end of non-void function [-Werror=return-type]
 }
 ^
cc1: all warnings being treated as errors
Compilation failed
d003739
Thu Apr  7 16:10:14 UTC 2022: 
 hashmap.c | 5 +++--
 1 file changed, 3 insertions(+), 2 deletions(-)
In file included from test.c:4:0:
hashmap.c: In function ‘createMap’:
hashmap.c:70:17: error: expected ‘=’, ‘,’, ‘;’, ‘asm’ or ‘__attribute__’ before ‘->’ token
     Pair* index2->buckets = (Pair *)malloc(sizeof(Pair)) ;
                 ^~
hashmap.c:70:17: error: expected expression before ‘->’ token
hashmap.c:72:11: error: ‘index2’ is a pointer; did you mean to use ‘->’?
     index2.capacity = capacity;
           ^
           ->
hashmap.c:73:11: error: ‘index2’ is a pointer; did you mean to use ‘->’?
     index2.size = 0;
           ^
           ->
hashmap.c:74:11: error: ‘index2’ is a pointer; did you mean to use ‘->’?
     index2.current = -1;
           ^
           ->
Compilation failed
3917c2b
Thu Apr  7 16:10:42 UTC 2022: 
 hashmap.c | 8 ++++----
 1 file changed, 4 insertions(+), 4 deletions(-)
In file included from test.c:4:0:
hashmap.c: In function ‘createMap’:
hashmap.c:70:17: error: expected ‘=’, ‘,’, ‘;’, ‘asm’ or ‘__attribute__’ before ‘.’ token
     Pair* index2.buckets = (Pair *)malloc(sizeof(Pair)) ;
                 ^
hashmap.c:70:17: error: expected expression before ‘.’ token
Compilation failed
14ceb92
Thu Apr  7 16:10:51 UTC 2022: 
 hashmap.c | 2 +-
 1 file changed, 1 insertion(+), 1 deletion(-)
In file included from test.c:4:0:
hashmap.c: In function ‘createMap’:
hashmap.c:70:17: error: expected ‘=’, ‘,’, ‘;’, ‘asm’ or ‘__attribute__’ before ‘->’ token
     Pair* index2->buckets = (Pair *)malloc(sizeof(Pair)) ;
                 ^~
hashmap.c:70:17: error: expected expression before ‘->’ token
Compilation failed
bf899ed
Sat Apr  9 20:29:39 UTC 2022: 
 hashmap.c | 3 ++-
 1 file changed, 2 insertions(+), 1 deletion(-)
 tests:  4|5
total_score: 20/70
2ff256b
Sat Apr  9 20:30:38 UTC 2022: 
 hashmap.c | 4 ++--
 1 file changed, 2 insertions(+), 2 deletions(-)
In file included from test.c:4:0:
hashmap.c: In function ‘createMap’:
hashmap.c:71:32: error: too few arguments to function ‘calloc’
     index2->buckets = (Pair **)calloc(sizeof(Pair*)) ;
                                ^~~~~~
In file included from test.c:2:0:
/usr/include/stdlib.h:541:14: note: declared here
 extern void *calloc (size_t __nmemb, size_t __size)
              ^~~~~~
Compilation failed
f98bef5
Sat Apr  9 20:31:47 UTC 2022: 
 hashmap.c | 5 +++--
 1 file changed, 3 insertions(+), 2 deletions(-)
 tests:  5|4
total_score: 30/70
e8bb90b
Sat Apr  9 21:00:26 UTC 2022: 
 hashmap.c | 19 ++++++++++++++++---
 1 file changed, 16 insertions(+), 3 deletions(-)
In file included from test.c:4:0:
hashmap.c: In function ‘searchMap’:
hashmap.c:94:30: error: array subscript is not an integer
     if (is_equal(map->buckets[index]->key,key) == 1 )
                              ^
hashmap.c:99:25: error: invalid operands to binary % (have ‘char * (*)(const char *, int)’ and ‘long int’)
     index = (index + 1) % map->capacity;
             ~~~~~~~~~~~ ^ ~~~~~~~~~~~~~
Compilation failed
fec52f7
Sat Apr  9 21:01:05 UTC 2022: 
 hashmap.c | 2 +-
 1 file changed, 1 insertion(+), 1 deletion(-)
In file included from test.c:4:0:
hashmap.c: In function ‘searchMap’:
hashmap.c:99:25: error: invalid operands to binary % (have ‘char * (*)(const char *, int)’ and ‘long int’)
     index = (index + 1) % map->capacity;
             ~~~~~~~~~~~ ^ ~~~~~~~~~~~~~
Compilation failed
92c740b
Sat Apr  9 21:01:21 UTC 2022: 
 hashmap.c | 2 +-
 1 file changed, 1 insertion(+), 1 deletion(-)
 tests:  8|3
total_score: 40/70
595eb5d
Sat Apr  9 21:14:30 UTC 2022: 
 hashmap.c | 10 +++++++++-
 1 file changed, 9 insertions(+), 1 deletion(-)
test.c: In function ‘eraseMap’:
test.c:453:5: error: ‘main’ is normally a non-static function [-Werror=main]
 int main( int argc, char *argv[] ) {
     ^~~~
test.c:511:1: error: expected declaration or statement at end of input
 }
 ^
At top level:
test.c:453:5: error: ‘main’ defined but not used [-Werror=unused-function]
 int main( int argc, char *argv[] ) {
     ^~~~
test.c:217:5: error: ‘insert_test5’ defined but not used [-Werror=unused-function]
 int insert_test5(){ //factor de carga>0.7, se llama a función enlarge
     ^~~~~~~~~~~~
test.c:131:6: error: ‘compare_test’ defined but not used [-Werror=unused-function]
 void compare_test(){
      ^~~~~~~~~~~~
test.c:125:6: error: ‘hash_test3’ defined but not used [-Werror=unused-function]
 void hash_test3(){ //no random
      ^~~~~~~~~~
test.c:111:6: error: ‘hash_test2’ defined but not used [-Werror=unused-function]
 void hash_test2(){ // colisiones
      ^~~~~~~~~~
test.c:100:6: error: ‘hash_test1’ defined but not used [-Werror=unused-function]
 void hash_test1(){ // posición válida
      ^~~~~~~~~~
cc1: all warnings being treated as errors
Compilation failed
ac95d36
Sat Apr  9 21:15:47 UTC 2022: 
 hashmap.c | 1 +
 1 file changed, 1 insertion(+)
 tests:  8|3
total_score: 40/70
c3b4dac
Sat Apr  9 21:18:18 UTC 2022: 
 hashmap.c | 4 +++-
 1 file changed, 3 insertions(+), 1 deletion(-)
 tests:  11|2
total_score: 50/70
49cd67f
Sat Apr  9 21:42:58 UTC 2022: 
 hashmap.c | 12 +++++++++++-
 1 file changed, 11 insertions(+), 1 deletion(-)
 tests:  12|2
total_score: 50/70
bdb39a1
Sat Apr  9 21:44:02 UTC 2022: 
 hashmap.c | 4 ++++
 1 file changed, 4 insertions(+)
In file included from test.c:4:0:
hashmap.c: In function ‘firstMap’:
hashmap.c:123:34: error: expected ‘)’ before numeric constant
         if (map->buckets[i]->key 1= NULL)
                                  ^
Compilation failed
de826c4
Sat Apr  9 21:44:10 UTC 2022: 
 hashmap.c | 2 +-
 1 file changed, 1 insertion(+), 1 deletion(-)
 tests:  11|2
total_score: 50/70
eaafa00
Sat Apr  9 21:44:32 UTC 2022: 
 hashmap.c | 2 +-
 1 file changed, 1 insertion(+), 1 deletion(-)
 tests:  13|2
total_score: 50/70
2a914c8
Sun Apr 10 00:16:38 UTC 2022: 
 hashmap.c | 6 +++++-
 1 file changed, 5 insertions(+), 1 deletion(-)
In file included from test.c:4:0:
hashmap.c: In function ‘nextMap’:
hashmap.c:137:20: error: invalid type argument of ‘->’ (have ‘long int’)
    if (map->current->next != null)
                    ^~
hashmap.c:137:30: error: ‘null’ undeclared (first use in this function); did you mean ‘nanl’?
    if (map->current->next != null)
                              ^~~~
                              nanl
hashmap.c:137:30: note: each undeclared identifier is reported only once for each function it appears in
Compilation failed
5d8f75c
Sun Apr 10 00:18:53 UTC 2022: 
 hashmap.c | 7 +++++--
 1 file changed, 5 insertions(+), 2 deletions(-)
In file included from test.c:4:0:
hashmap.c: In function ‘nextMap’:
hashmap.c:137:10: error: ‘i’ undeclared (first use in this function)
    for ( i = map->current ; i < map->current ; i++)
          ^
hashmap.c:137:10: note: each undeclared identifier is reported only once for each function it appears in
hashmap.c:139:9: error: expected ‘(’ before ‘map’
      if map->buckets[i] != NULL
         ^~~
Compilation failed
691f10a
Sun Apr 10 00:19:08 UTC 2022: 
 hashmap.c | 2 +-
 1 file changed, 1 insertion(+), 1 deletion(-)
In file included from test.c:4:0:
hashmap.c: In function ‘nextMap’:
hashmap.c:137:10: error: ‘i’ undeclared (first use in this function)
    for ( i = map->current ; i < map->current ; i++)
          ^
hashmap.c:137:10: note: each undeclared identifier is reported only once for each function it appears in
Compilation failed
c2ac0cd
Sun Apr 10 00:19:15 UTC 2022: 
 hashmap.c | 2 +-
 1 file changed, 1 insertion(+), 1 deletion(-)
 tests:  13|2
total_score: 50/70
ff57ead
Sun Apr 10 00:23:25 UTC 2022: 
 hashmap.c | 4 ++--
 1 file changed, 2 insertions(+), 2 deletions(-)
In file included from test.c:4:0:
hashmap.c: In function ‘nextMap’:
hashmap.c:139:49: error: ‘*map->buckets’ is a pointer; did you mean to use ‘->’?
      if (map->buckets[i] != NULL && map->buckets->key != NULL)
                                                 ^~
                                                 ->
Compilation failed
079612d
